[err:-100]ReferenceError: datinfo is not defined
    at Timeout._onTimeout (/home/jiff/project/web/back-end/application/tcpserver_infos.js:109:24)
    at listOnTimeout (internal/timers.js:551:17)
    at processTimers (internal/timers.js:494:7)	 12/16/2021, 11:52:47 AM
[err:-100]ReferenceError: datinfo is not defined
    at Timeout._onTimeout (/home/jiff/project/web/back-end/application/tcpserver_infos.js:109:24)
    at listOnTimeout (internal/timers.js:551:17)
    at processTimers (internal/timers.js:494:7)	 12/16/2021, 11:53:06 AM
[err:-100]ReferenceError: datinfo is not defined
    at Timeout._onTimeout (/home/jiff/project/web/back-end/application/tcpserver_infos.js:109:24)
    at listOnTimeout (internal/timers.js:551:17)
    at processTimers (internal/timers.js:494:7)	 12/16/2021, 11:53:27 AM
[err:-100]ReferenceError: datinfo is not defined
    at Timeout._onTimeout (/home/jiff/project/web/back-end/application/tcpserver_infos.js:109:24)
    at listOnTimeout (internal/timers.js:551:17)
    at processTimers (internal/timers.js:494:7)	 12/16/2021, 11:53:46 AM
[err:-12]tcpserver	 172.19.2.19-->9JSON解析错误,准备断开连接	 12/16/2021, 11:56:26 AM
错误数据：{"Type":"NULL","Id":9,"Time":["2021","12","16","11","56"],"TempData":[{"Floor":1,"WaterTemp":[99.5,0],"PumpStaus":0,"ValveStatus":[0,0],"CementTemp":[0,0,0,0,0,0,0],"EnvirTemp":0},{"Floor":2,"WaterTemp":[0,0],"PumpStaus":0,"ValveStatus":[0,0],"CementTemp":[0,0,0,0,0,0,0],"EnvirTemp":0},{"Floor":3,"WaterTemp":[0,0],"PumpStaus":0,"ValveStatus":[0,0],"CementTemp":[0,0,0,0,0,0,0],"EnvirTemp":0},{"Floor":4,"WaterTemp":[0,0],"PumpStaus":0,"ValveStatus":[0,0],"CementTemp":[0,0,0,0,0,0,0],"EnvirTemp":0},{"Floor":5,"WaterTemp":[0,0],"PumpStaus":0,"ValveStatus":[0,0],"CementTemp":[0,0,0,0,0,0,0],"EnvirTemp":0},{"Floor":6,"WaterTemp":[0,0],"PumpStaus":0,"ValveStatus":[0,0],"CementTemp":[0,0,0,0,0,0,0],"EnvirTemp":0}],"SpareData":[1,0]}{"Type":"NULL","Id":9,"Time":["2021","12","16","11","56"],"TempData":[{"Floor":1,"WaterTemp":[99.5,0],"PumpStaus":0,"ValveStatus":[0,0],"CementTemp":[0,0,0,0,0,0,0],"EnvirTemp":0},{"Floor":2,"WaterTemp":[0,0],"PumpStaus":0,"ValveStatus":[0,0],"CementTemp":[0,0,0,0,0,0,0],"EnvirTemp":0},{"Floor":3,"WaterTemp":[0,0],"PumpStaus":0,"ValveStatus":[0,0],"CementTemp":[0,0,0,0,0,0,0],"EnvirTemp":0},{"Floor":4,"WaterTemp":[0,0],"PumpStaus":0,"ValveStatus":[0,0],"CementTemp":[0,0,0,0,0,0,0],"EnvirTemp":0},{"Floor":5,"WaterTemp":[0,0],"PumpStaus":0,"ValveStatus":[0,0],"CementTemp":[0,0,0,0,0,0,0],"EnvirTemp":0},{"Floor":6,"WaterTemp":[0,0],"PumpStaus":0,"ValveStatus":[0,0],"CementTemp":[0,0,0,0,0,0,0],"EnvirTemp":0}],"SpareData":[1,0]}
[err:-12]tcpserver	 172.19.2.19-->9JSON解析错误,准备断开连接	 12/16/2021, 11:57:07 AM
错误数据：{"Type":"NULL","Id":9,"Time":["2021","12","16","11","57"],"TempData":[{"Floor":1,"WaterTemp":[99.5,0],"PumpStaus":0,"ValveStatus":[0,0],"CementTemp":[0,0,0,0,0,0,0],"EnvirTemp":0},{"Floor":2,"WaterTemp":[0,0],"PumpStaus":0,"ValveStatus":[0,0],"CementTemp":[0,0,0,0,0,0,0],"EnvirTemp":0},{"Floor":3,"WaterTemp":[0,0],"PumpStaus":0,"ValveStatus":[0,0],"CementTemp":[0,0,0,0,0,0,0],"EnvirTemp":0},{"Floor":4,"WaterTemp":[0,0],"PumpStaus":0,"ValveStatus":[0,0],"CementTemp":[0,0,0,0,0,0,0],"EnvirTemp":0},{"Floor":5,"WaterTemp":[0,0],"PumpStaus":0,"ValveStatus":[0,0],"CementTemp":[0,0,0,0,0,0,0],"EnvirTemp":0},{"Floor":6,"WaterTemp":[0,0],"PumpStaus":0,"ValveStatus":[0,0],"CementTemp":[0,0,0,0,0,0,0],"EnvirTemp":0}],"SpareData":[1,0]}{"Type":"NULL","Id":9,"Time":["2021","12","16","11","57"],"TempData":[{"Floor":1,"WaterTemp":[99.5,0],"PumpStaus":0,"ValveStatus":[0,0],"CementTemp":[0,0,0,0,0,0,0],"EnvirTemp":0},{"Floor":2,"WaterTemp":[0,0],"PumpStaus":0,"ValveStatus":[0,0],"CementTemp":[0,0,0,0,0,0,0],"EnvirTemp":0},{"Floor":3,"WaterTemp":[0,0],"PumpStaus":0,"ValveStatus":[0,0],"CementTemp":[0,0,0,0,0,0,0],"EnvirTemp":0},{"Floor":4,"WaterTemp":[0,0],"PumpStaus":0,"ValveStatus":[0,0],"CementTemp":[0,0,0,0,0,0,0],"EnvirTemp":0},{"Floor":5,"WaterTemp":[0,0],"PumpStaus":0,"ValveStatus":[0,0],"CementTemp":[0,0,0,0,0,0,0],"EnvirTemp":0},{"Floor":6,"WaterTemp":[0,0],"PumpStaus":0,"ValveStatus":[0,0],"CementTemp":[0,0,0,0,0,0,0],"EnvirTemp":0}],"SpareData":[1,0]}
[err:-12]tcpserver	 172.19.2.19-->JSON解析错误,准备断开连接	 12/16/2021, 11:57:46 AM
错误数据：{"Type":"NULL","Id":9,"Time":["2021","12","16","11","57"],"TempData":[{"Floor":1,"WaterTemp":[99.5,0],"PumpStaus":0,"ValveStatus":[0,0],"CementTemp":[0,0,0,0,0,0,0],"EnvirTemp":0},{"Floor":2,"WaterTemp":[0,0],"PumpStaus":0,"ValveStatus":[0,0],"CementTemp":[0,0,0,0,0,0,0],"EnvirTemp":0},{"Floor":3,"WaterTemp":[0,0],"PumpStaus":0,"ValveStatus":[0,0],"CementTemp":[0,0,0,0,0,0,0],"EnvirTemp":0},{"Floor":4,"WaterTemp":[0,0],"PumpStaus":0,"ValveStatus":[0,0],"CementTemp":[0,0,0,0,0,0,0],"EnvirTemp":0},{"Floor":5,"WaterTemp":[0,0],"PumpStaus":0,"ValveStatus":[0,0],"CementTemp":[0,0,0,0,0,0,0],"EnvirTemp":0},{"Floor":6,"WaterTemp":[0,0],"PumpStaus":0,"ValveStatus":[0,0],"CementTemp":[0,0,0,0,0,0,0],"EnvirTemp":0}],"SpareData":[1,0]}{"Type":"NULL","Id":9,"Time":["2021","12","16","11","57"],"TempData":[{"Floor":1,"WaterTemp":[99.5,0],"PumpStaus":0,"ValveStatus":[0,0],"CementTemp":[0,0,0,0,0,0,0],"EnvirTemp":0},{"Floor":2,"WaterTemp":[0,0],"PumpStaus":0,"ValveStatus":[0,0],"CementTemp":[0,0,0,0,0,0,0],"EnvirTemp":0},{"Floor":3,"WaterTemp":[0,0],"PumpStaus":0,"ValveStatus":[0,0],"CementTemp":[0,0,0,0,0,0,0],"EnvirTemp":0},{"Floor":4,"WaterTemp":[0,0],"PumpStaus":0,"ValveStatus":[0,0],"CementTemp":[0,0,0,0,0,0,0],"EnvirTemp":0},{"Floor":5,"WaterTemp":[0,0],"PumpStaus":0,"ValveStatus":[0,0],"CementTemp":[0,0,0,0,0,0,0],"EnvirTemp":0},{"Floor":6,"WaterTemp":[0,0],"PumpStaus":0,"ValveStatus":[0,0],"CementTemp":[0,0,0,0,0,0,0],"EnvirTemp":0}],"SpareData":[1,0]}
[err:-100]Error [ERR_IPC_CHANNEL_CLOSED]: Channel closed	 12/16/2021, 11:58:08 AM
