
begin æœåŠ¡å™¨å¯åŠ¨-->æ—¥å¿—æ‰“å¼€æˆåŠŸ	 2021/12/9 ä¸‹åˆ6:02:28

begin æœåŠ¡å™¨å¯åŠ¨-->æ—¥å¿—æ‰“å¼€æˆåŠŸ	 2021/12/9 ä¸‹åˆ6:03:23
new	 127.0.0.1	 start:	2021/12/9 ä¸‹åˆ6:03:26
tcpserver	 devIDï¼š-98	 write:721	 2021/12/9 ä¸‹åˆ6:03:52 

begin æœåŠ¡å™¨å¯åŠ¨-->æ—¥å¿—æ‰“å¼€æˆåŠŸ	 2021/12/9 ä¸‹åˆ6:05:31
127.0.0.1
new	 127.0.0.1	 start:	2021/12/9 ä¸‹åˆ6:05:36
tcpserver	 devIDï¼š-98	 write:721	 2021/12/9 ä¸‹åˆ6:06:02 

begin æœåŠ¡å™¨å¯åŠ¨-->æ—¥å¿—æ‰“å¼€æˆåŠŸ	 2021/12/9 ä¸‹åˆ6:06:54
127.0.0.1
new	 127.0.0.1	 start:	2021/12/9 ä¸‹åˆ6:06:55
tcpserver	 devIDï¼š-98	 write:721	 2021/12/9 ä¸‹åˆ6:07:21 

begin æœåŠ¡å™¨å¯åŠ¨-->æ—¥å¿—æ‰“å¼€æˆåŠŸ	 2021/12/9 ä¸‹åˆ6:10:46
new	 127.0.0.1	 start:	2021/12/9 ä¸‹åˆ6:10:49

begin æœåŠ¡å™¨å¯åŠ¨-->æ—¥å¿—æ‰“å¼€æˆåŠŸ	 2021/12/9 ä¸‹åˆ6:12:14
new	 127.0.0.1	 start:	2021/12/9 ä¸‹åˆ6:12:16

begin æœåŠ¡å™¨å¯åŠ¨-->æ—¥å¿—æ‰“å¼€æˆåŠŸ	 2021/12/9 ä¸‹åˆ6:14:25
new	 127.0.0.1	 start:	2021/12/9 ä¸‹åˆ6:14:27

begin æœåŠ¡å™¨å¯åŠ¨-->æ—¥å¿—æ‰“å¼€æˆåŠŸ	 2021/12/9 ä¸‹åˆ6:16:42
new	 127.0.0.1	 start:	2021/12/9 ä¸‹åˆ6:16:46

begin æœåŠ¡å™¨å¯åŠ¨-->æ—¥å¿—æ‰“å¼€æˆåŠŸ	 2021/12/9 ä¸‹åˆ6:36:55

begin æœåŠ¡å™¨å¯åŠ¨-->æ—¥å¿—æ‰“å¼€æˆåŠŸ	 2021/12/9 ä¸‹åˆ6:38:28

begin æœåŠ¡å™¨å¯åŠ¨-->æ—¥å¿—æ‰“å¼€æˆåŠŸ	 2021/12/9 ä¸‹åˆ6:38:36

begin æœåŠ¡å™¨å¯åŠ¨-->æ—¥å¿—æ‰“å¼€æˆåŠŸ	 2021/12/9 ä¸‹åˆ6:38:48

begin æœåŠ¡å™¨å¯åŠ¨-->æ—¥å¿—æ‰“å¼€æˆåŠŸ	 2021/12/9 ä¸‹åˆ6:47:45

begin æœåŠ¡å™¨å¯åŠ¨-->æ—¥å¿—æ‰“å¼€æˆåŠŸ	 2021/12/9 ä¸‹åˆ6:47:59

begin æœåŠ¡å™¨å¯åŠ¨-->æ—¥å¿—æ‰“å¼€æˆåŠŸ	 2021/12/9 ä¸‹åˆ6:48:24

begin æœåŠ¡å™¨å¯åŠ¨-->æ—¥å¿—æ‰“å¼€æˆåŠŸ	 2021/12/9 ä¸‹åˆ6:49:25

begin æœåŠ¡å™¨å¯åŠ¨-->æ—¥å¿—æ‰“å¼€æˆåŠŸ	 2021/12/9 ä¸‹åˆ6:49:55
[33m333[39m

begin æœåŠ¡å™¨å¯åŠ¨-->æ—¥å¿—æ‰“å¼€æˆåŠŸ	 2021/12/9 ä¸‹åˆ6:50:08
[33m333[39m

begin æœåŠ¡å™¨å¯åŠ¨-->æ—¥å¿—æ‰“å¼€æˆåŠŸ	 2021/12/9 ä¸‹åˆ6:50:35
[33m333[39m

begin æœåŠ¡å™¨å¯åŠ¨-->æ—¥å¿—æ‰“å¼€æˆåŠŸ	 2021/12/9 ä¸‹åˆ6:51:06

begin æœåŠ¡å™¨å¯åŠ¨-->æ—¥å¿—æ‰“å¼€æˆåŠŸ	 2021/12/9 ä¸‹åˆ6:52:11

begin æœåŠ¡å™¨å¯åŠ¨-->æ—¥å¿—æ‰“å¼€æˆåŠŸ	 2021/12/9 ä¸‹åˆ6:53:41

begin æœåŠ¡å™¨å¯åŠ¨-->æ—¥å¿—æ‰“å¼€æˆåŠŸ	 2021/12/9 ä¸‹åˆ6:53:50

begin æœåŠ¡å™¨å¯åŠ¨-->æ—¥å¿—æ‰“å¼€æˆåŠŸ	 2021/12/9 ä¸‹åˆ6:54:09

begin æœåŠ¡å™¨å¯åŠ¨-->æ—¥å¿—æ‰“å¼€æˆåŠŸ	 2021/12/9 ä¸‹åˆ6:55:53

begin æœåŠ¡å™¨å¯åŠ¨-->æ—¥å¿—æ‰“å¼€æˆåŠŸ	 2021/12/9 ä¸‹åˆ7:03:23

begin æœåŠ¡å™¨å¯åŠ¨-->æ—¥å¿—æ‰“å¼€æˆåŠŸ	 2021/12/9 ä¸‹åˆ7:03:50

begin æœåŠ¡å™¨å¯åŠ¨-->æ—¥å¿—æ‰“å¼€æˆåŠŸ	 2021/12/9 ä¸‹åˆ7:05:30

begin æœåŠ¡å™¨å¯åŠ¨-->æ—¥å¿—æ‰“å¼€æˆåŠŸ	 2021/12/9 ä¸‹åˆ7:10:42

begin æœåŠ¡å™¨å¯åŠ¨-->æ—¥å¿—æ‰“å¼€æˆåŠŸ	 2021/12/9 ä¸‹åˆ7:11:21
new	 127.0.0.1	 start:	2021/12/9 ä¸‹åˆ7:11:28
tcpserver	 devIDï¼š6	 write:720	 2021/12/9 ä¸‹åˆ7:11:52 
tcpserver	 devIDï¼š6	 write:720	 2021/12/9 ä¸‹åˆ7:12:14 

begin æœåŠ¡å™¨å¯åŠ¨-->æ—¥å¿—æ‰“å¼€æˆåŠŸ	 2021/12/9 ä¸‹åˆ7:14:41
new	 127.0.0.1	 start:	2021/12/9 ä¸‹åˆ7:14:43
tcpserver	 devIDï¼š6	 write:730	 2021/12/9 ä¸‹åˆ7:15:09 
tcpserver	 devIDï¼š6	 write:730	 2021/12/9 ä¸‹åˆ7:15:29 

begin æœåŠ¡å™¨å¯åŠ¨-->æ—¥å¿—æ‰“å¼€æˆåŠŸ	 2021/12/9 ä¸‹åˆ7:15:36
new	 127.0.0.1	 start:	2021/12/9 ä¸‹åˆ7:15:41
tcpserver	 devIDï¼š6	 write:730	 2021/12/9 ä¸‹åˆ7:16:07 

begin æœåŠ¡å™¨å¯åŠ¨-->æ—¥å¿—æ‰“å¼€æˆåŠŸ	 2021/12/9 ä¸‹åˆ7:19:19
new	 127.0.0.1	 start:	2021/12/9 ä¸‹åˆ7:19:22
tcpserver	 devIDï¼š6	 write:730	 2021/12/9 ä¸‹åˆ7:19:48 
tcpserver	 devIDï¼š6	 write:730	 2021/12/9 ä¸‹åˆ7:20:08 

begin æœåŠ¡å™¨å¯åŠ¨-->æ—¥å¿—æ‰“å¼€æˆåŠŸ	 2021/12/9 ä¸‹åˆ7:25:55
new	 127.0.0.1	 start:	2021/12/9 ä¸‹åˆ7:25:57
exit	 127.0.0.1	 duration:0hs0mins1secs
new	 127.0.0.1	 start:	2021/12/9 ä¸‹åˆ7:26:00
tcpserver	 devIDï¼š6	 write:730	 2021/12/9 ä¸‹åˆ7:26:24 
tcpserver	 devIDï¼š6	 write:730	 2021/12/9 ä¸‹åˆ7:26:44 
tcpserver	 devIDï¼š6	 write:730	 2021/12/9 ä¸‹åˆ7:27:04 

begin æœåŠ¡å™¨å¯åŠ¨-->æ—¥å¿—æ‰“å¼€æˆåŠŸ	 2021/12/9 ä¸‹åˆ7:28:38
new	 127.0.0.1	 start:	2021/12/9 ä¸‹åˆ7:28:39
tcpserver	 devIDï¼š6	 write:730	 2021/12/9 ä¸‹åˆ7:29:05 
tcpserver	 devIDï¼š6	 write:730	 2021/12/9 ä¸‹åˆ7:29:25 
tcpserver	 devIDï¼š6	 write:730	 2021/12/9 ä¸‹åˆ7:29:45 
tcpserver	 devIDï¼š6	 write:730	 2021/12/9 ä¸‹åˆ7:30:05 
tcpserver	 devIDï¼š6	 write:730	 2021/12/9 ä¸‹åˆ7:30:25 
tcpserver	 devIDï¼š6	 write:730	 2021/12/9 ä¸‹åˆ7:30:45 

begin æœåŠ¡å™¨å¯åŠ¨-->æ—¥å¿—æ‰“å¼€æˆåŠŸ	 2021/12/9 ä¸‹åˆ7:31:00
new	 127.0.0.1	 start:	2021/12/9 ä¸‹åˆ7:31:02
[33m6[39m
tcpserver	 devIDï¼š6	 write:730	 2021/12/9 ä¸‹åˆ7:31:28 
[33m6[39m
tcpserver	 devIDï¼š6	 write:730	 2021/12/9 ä¸‹åˆ7:31:48 
[33m6[39m
tcpserver	 devIDï¼š6	 write:730	 2021/12/9 ä¸‹åˆ7:32:08 
[33m6[39m
tcpserver	 devIDï¼š6	 write:730	 2021/12/9 ä¸‹åˆ7:32:28 
[33m6[39m
tcpserver	 devIDï¼š6	 write:730	 2021/12/9 ä¸‹åˆ7:32:48 

begin æœåŠ¡å™¨å¯åŠ¨-->æ—¥å¿—æ‰“å¼€æˆåŠŸ	 2021/12/9 ä¸‹åˆ7:33:00
new	 127.0.0.1	 start:	2021/12/9 ä¸‹åˆ7:33:02
Type
Id
0
1
2
3
4
Time
Floor
0
1
WaterTemp
PumpStaus
0
1
ValveStatus
0
1
2
3
4
5
6
CementTemp
EnvirTemp
0
Floor
0
1
WaterTemp
PumpStaus
0
1
ValveStatus
0
1
2
3
4
5
6
CementTemp
EnvirTemp
1
Floor
0
1
WaterTemp
PumpStaus
0
1
ValveStatus
0
1
2
3
4
5
6
CementTemp
EnvirTemp
2
Floor
0
1
WaterTemp
PumpStaus
0
1
ValveStatus
0
1
2
3
4
5
6
CementTemp
EnvirTemp
3
Floor
0
1
WaterTemp
PumpStaus
0
1
ValveStatus
0
1
2
3
4
5
6
CementTemp
EnvirTemp
4
Floor
0
1
WaterTemp
PumpStaus
0
1
ValveStatus
0
1
2
3
4
5
6
CementTemp
EnvirTemp
5
TempData
SpareData

tcpserver	 devIDï¼š6	 write:730	 2021/12/9 ä¸‹åˆ7:33:28 
Type
Id
0
1
2
3
4
Time
Floor
0
1
WaterTemp
PumpStaus
0
1
ValveStatus
0
1
2
3
4
5
6
CementTemp
EnvirTemp
0
Floor
0
1
WaterTemp
PumpStaus
0
1
ValveStatus
0
1
2
3
4
5
6
CementTemp
EnvirTemp
1
Floor
0
1
WaterTemp
PumpStaus
0
1
ValveStatus
0
1
2
3
4
5
6
CementTemp
EnvirTemp
2
Floor
0
1
WaterTemp
PumpStaus
0
1
ValveStatus
0
1
2
3
4
5
6
CementTemp
EnvirTemp
3
Floor
0
1
WaterTemp
PumpStaus
0
1
ValveStatus
0
1
2
3
4
5
6
CementTemp
EnvirTemp
4
Floor
0
1
WaterTemp
PumpStaus
0
1
ValveStatus
0
1
2
3
4
5
6
CementTemp
EnvirTemp
5
TempData
SpareData

tcpserver	 devIDï¼š6	 write:730	 2021/12/9 ä¸‹åˆ7:33:48 
Type
Id
0
1
2
3
4
Time
Floor
0
1
WaterTemp
PumpStaus
0
1
ValveStatus
0
1
2
3
4
5
6
CementTemp
EnvirTemp
0
Floor
0
1
WaterTemp
PumpStaus
0
1
ValveStatus
0
1
2
3
4
5
6
CementTemp
EnvirTemp
1
Floor
0
1
WaterTemp
PumpStaus
0
1
ValveStatus
0
1
2
3
4
5
6
CementTemp
EnvirTemp
2
Floor
0
1
WaterTemp
PumpStaus
0
1
ValveStatus
0
1
2
3
4
5
6
CementTemp
EnvirTemp
3
Floor
0
1
WaterTemp
PumpStaus
0
1
ValveStatus
0
1
2
3
4
5
6
CementTemp
EnvirTemp
4
Floor
0
1
WaterTemp
PumpStaus
0
1
ValveStatus
0
1
2
3
4
5
6
CementTemp
EnvirTemp
5
TempData
SpareData

tcpserver	 devIDï¼š6	 write:730	 2021/12/9 ä¸‹åˆ7:34:08 
Type
Id
0
1
2
3
4
Time
Floor
0
1
WaterTemp
PumpStaus
0
1
ValveStatus
0
1
2
3
4
5
6
CementTemp
EnvirTemp
0
Floor
0
1
WaterTemp
PumpStaus
0
1
ValveStatus
0
1
2
3
4
5
6
CementTemp
EnvirTemp
1
Floor
0
1
WaterTemp
PumpStaus
0
1
ValveStatus
0
1
2
3
4
5
6
CementTemp
EnvirTemp
2
Floor
0
1
WaterTemp
PumpStaus
0
1
ValveStatus
0
1
2
3
4
5
6
CementTemp
EnvirTemp
3
Floor
0
1
WaterTemp
PumpStaus
0
1
ValveStatus
0
1
2
3
4
5
6
CementTemp
EnvirTemp
4
Floor
0
1
WaterTemp
PumpStaus
0
1
ValveStatus
0
1
2
3
4
5
6
CementTemp
EnvirTemp
5
TempData
SpareData

tcpserver	 devIDï¼š6	 write:730	 2021/12/9 ä¸‹åˆ7:34:28 
Type
Id
0
1
2
3
4
Time
Floor
0
1
WaterTemp
PumpStaus
0
1
ValveStatus
0
1
2
3
4
5
6
CementTemp
EnvirTemp
0
Floor
0
1
WaterTemp
PumpStaus
0
1
ValveStatus
0
1
2
3
4
5
6
CementTemp
EnvirTemp
1
Floor
0
1
WaterTemp
PumpStaus
0
1
ValveStatus
0
1
2
3
4
5
6
CementTemp
EnvirTemp
2
Floor
0
1
WaterTemp
PumpStaus
0
1
ValveStatus
0
1
2
3
4
5
6
CementTemp
EnvirTemp
3
Floor
0
1
WaterTemp
PumpStaus
0
1
ValveStatus
0
1
2
3
4
5
6
CementTemp
EnvirTemp
4
Floor
0
1
WaterTemp
PumpStaus
0
1
ValveStatus
0
1
2
3
4
5
6
CementTemp
EnvirTemp
5
TempData
SpareData

tcpserver	 devIDï¼š6	 write:730	 2021/12/9 ä¸‹åˆ7:34:48 

begin æœåŠ¡å™¨å¯åŠ¨-->æ—¥å¿—æ‰“å¼€æˆåŠŸ	 2021/12/9 ä¸‹åˆ7:35:16
new	 127.0.0.1	 start:	2021/12/9 ä¸‹åˆ7:35:17
[33m6[39m
tcpserver	 devIDï¼š6	 write:730	 2021/12/9 ä¸‹åˆ7:35:43 
[33m6[39m
tcpserver	 devIDï¼š6	 write:730	 2021/12/9 ä¸‹åˆ7:36:03 

begin æœåŠ¡å™¨å¯åŠ¨-->æ—¥å¿—æ‰“å¼€æˆåŠŸ	 2021/12/9 ä¸‹åˆ7:39:12
new	 127.0.0.1	 start:	2021/12/9 ä¸‹åˆ7:39:14
[33m6[39m
Set(1) { [33m6[39m }
tcpserver	 devIDï¼š6	 write:730	 2021/12/9 ä¸‹åˆ7:39:40 
[33m6[39m
Set(1) { [33m6[39m }
tcpserver	 devIDï¼š6	 write:730	 2021/12/9 ä¸‹åˆ7:40:00 

begin æœåŠ¡å™¨å¯åŠ¨-->æ—¥å¿—æ‰“å¼€æˆåŠŸ	 2021/12/9 ä¸‹åˆ7:43:31
new	 127.0.0.1	 start:	2021/12/9 ä¸‹åˆ7:43:33
[33m6[39m
tcpserver	 devIDï¼š6	 write:730	 2021/12/9 ä¸‹åˆ7:43:59 
Set(1) { [33m6[39m }
[33m6[39m
tcpserver	 devIDï¼š6	 write:730	 2021/12/9 ä¸‹åˆ7:44:19 
Set(1) { [33m6[39m }

begin æœåŠ¡å™¨å¯åŠ¨-->æ—¥å¿—æ‰“å¼€æˆåŠŸ	 2021/12/9 ä¸‹åˆ7:45:55
new	 127.0.0.1	 start:	2021/12/9 ä¸‹åˆ7:45:56
tcpserver	 devIDï¼š6	 write:730	 2021/12/9 ä¸‹åˆ7:46:22 
Set(1) { [33m6[39m }
[ [33m6[39m ]
